<?xml version="1.0" encoding="UTF-8"?>
<testsuite name="com.yupeng.junittestplugin.JUnitTestPluginTest" tests="1" skipped="0" failures="0" errors="0" timestamp="2015-04-11T05:51:21" hostname="YP-PC" time="0.17">
  <properties/>
  <testcase name="jUnitTestPluginAddsGreetingTaskToProject" classname="com.yupeng.junittestplugin.JUnitTestPluginTest" time="0.17"/>
  <system-out><![CDATA[]]></system-out>
  <system-err><![CDATA[]]></system-err>
</testsuite>
